<?xml version="1.0" encoding="UTF-8"?>
<!-- Generated by org.testng.reporters.JUnitXMLReporter -->
<testsuite ignored="0" hostname="DAKSHIT-HP" failures="0" tests="4" name="All Cases Test" time="109.636" errors="0" timestamp="2025-06-30T18:23:47 IST">
  <testcase classname="ShoppingOnline.Tests.ValidateLoginTest" name="validLogin" time="10.172"/>
  <testcase classname="ShoppingOnline.Tests.ValidateSearchResultTest" name="ValidateSearchResult" time="4.52"/>
  <testcase classname="ShoppingOnline.Tests.ValidateAddCartTest" name="testClickAddToCart" time="9.811"/>
  <testcase classname="ShoppingOnline.Tests.ValidateSignOutTest" name="ValidateSignOut" time="9.669"/>
</testsuite> <!-- All Cases Test -->
