<?xml version="1.0" encoding="UTF-8"?>
<!-- Generated by org.testng.reporters.JUnitXMLReporter -->
<testsuite ignored="4" hostname="DAKSHIT-HP" failures="0" tests="2" name="All Test Case" time="26.31" errors="0" timestamp="2025-05-13T16:03:03 IST">
  <testcase classname="ShoppingOnline.ValidateAddCartTest" name="testClickAddToCart" time="13.371"/>
  <testcase classname="ShoppingOnline.ValidateSearchResultTest" name="ValidateSearchResult" time="4.954"/>
  <testcase classname="ShoppingOnline.ValidateLoginTest" name="InvalidLogin" time="0.0">
    <ignored/>
  </testcase> <!-- InvalidLogin -->
  <testcase classname="ShoppingOnline.ValidateLoginTest" name="validLogin" time="0.0">
    <ignored/>
  </testcase> <!-- validLogin -->
  <testcase classname="ShoppingOnline.ValidateSignOutTest" name="ValidateSignOut" time="0.0">
    <ignored/>
  </testcase> <!-- ValidateSignOut -->
  <testcase classname="ShoppingOnline.E_CommerceSoftcopyTest" name="E_CommerceSoftcopy" time="0.0">
    <ignored/>
  </testcase> <!-- E_CommerceSoftcopy -->
</testsuite> <!-- All Test Case -->
