<?xml version="1.0" encoding="UTF-8"?>
<!-- Generated by org.testng.reporters.JUnitXMLReporter -->
<testsuite ignored="4" hostname="DAKSHIT-HP" failures="0" tests="1" name="Include Test" time="24.746" errors="0" timestamp="2025-06-30T18:08:44 IST">
  <testcase classname="ShoppingOnline.Tests.ValidateAddCartTest" name="testClickAddToCart" time="11.53"/>
  <testcase classname="ShoppingOnline.Tests.ValidateSearchResultTest" name="ValidateSearchResult" time="0.0">
    <ignored/>
  </testcase> <!-- ValidateSearchResult -->
  <testcase classname="ShoppingOnline.Tests.ValidateLoginTest" name="validLogin" time="0.0">
    <ignored/>
  </testcase> <!-- validLogin -->
  <testcase classname="ShoppingOnline.Tests.ValidateLoginTest" name="InvalidLogin" time="0.0">
    <ignored/>
  </testcase> <!-- InvalidLogin -->
  <testcase classname="ShoppingOnline.Tests.ValidateSignOutTest" name="ValidateSignOut" time="0.0">
    <ignored/>
  </testcase> <!-- ValidateSignOut -->
</testsuite> <!-- Include Test -->
