<?xml version="1.0" encoding="UTF-8"?>
<!-- Generated by org.testng.reporters.JUnitXMLReporter -->
<testsuite ignored="0" hostname="DAKSHIT-HP" failures="0" tests="6" name="Test" time="74.992" errors="0" timestamp="2025-05-15T17:02:22 IST">
  <testcase classname="ShoppingOnline.Tests.ValidateSearchResultTest" name="ValidateSearchResult" time="3.642"/>
  <testcase classname="ShoppingOnline.Tests.ValidateSignOutTest" name="ValidateSignOut" time="6.357"/>
  <testcase classname="ShoppingOnline.Tests.ValidateAddCartTest" name="testClickAddToCart" time="9.17"/>
  <testcase classname="ShoppingOnline.Tests.ValidateLoginTest" name="InvalidLogin" time="13.874"/>
  <testcase classname="ShoppingOnline.Tests.ValidateLoginTest" name="validLogin" time="4.325"/>
  <testcase classname="ShoppingOnline.Tests.E_CommerceSoftcopyTest" name="E_CommerceSoftcop" time="19.144"/>
</testsuite> <!-- Test -->
