<?xml version="1.0" encoding="UTF-8"?>
<!-- Generated by org.testng.reporters.JUnitXMLReporter -->
<testsuite ignored="1" hostname="DAKSHIT-HP" failures="0" tests="1" name="Sign In Exe Test" time="20.2" errors="0" timestamp="2025-05-15T17:26:57 IST">
  <testcase classname="ShoppingOnline.Tests.ValidateLoginTest" name="validLogin" time="12.787"/>
  <testcase classname="ShoppingOnline.Tests.ValidateLoginTest" name="InvalidLogin" time="0.0">
    <ignored/>
  </testcase> <!-- InvalidLogin -->
</testsuite> <!-- Sign In Exe Test -->
