<?xml version="1.0" encoding="UTF-8"?>
<!-- Generated by org.testng.reporters.JUnitXMLReporter -->
<testsuite ignored="1" hostname="DAKSHIT-HP" failures="0" tests="1" name="Sign In" time="10.432" errors="0" timestamp="2025-05-13T15:53:58 IST">
  <testcase classname="ShoppingOnline.ValidateLoginTest" name="InvalidLogin" time="5.134"/>
  <testcase classname="ShoppingOnline.ValidateLoginTest" name="validLogin" time="0.0">
    <ignored/>
  </testcase> <!-- validLogin -->
</testsuite> <!-- Sign In -->
