<?xml version="1.0" encoding="UTF-8"?>
<testng-results ignored="0" total="4" passed="4" failed="0" skipped="0">
  <reporter-output>
  </reporter-output>
  <suite started-at="2025-06-30T18:21:57 IST" name="Suite" finished-at="2025-06-30T18:23:47 IST" duration-ms="109636">
    <groups>
      <group name="SearchProduct">
        <method signature="ValidateSearchResultTest.ValidateSearchResult(java.util.HashMap)[pri:0, instance:ShoppingOnline.Tests.ValidateSearchResultTest@24959ca4]" name="ValidateSearchResult" class="ShoppingOnline.Tests.ValidateSearchResultTest"/>
      </group> <!-- SearchProduct -->
      <group name="Results">
        <method signature="ValidateAddCartTest.testClickAddToCart(java.util.HashMap)[pri:0, instance:ShoppingOnline.Tests.ValidateAddCartTest@10289886]" name="testClickAddToCart" class="ShoppingOnline.Tests.ValidateAddCartTest"/>
      </group> <!-- Results -->
    </groups>
    <test started-at="2025-06-30T18:21:57 IST" name="All Cases Test" finished-at="2025-06-30T18:23:47 IST" duration-ms="109636">
      <class name="ShoppingOnline.Tests.ValidateAddCartTest">
        <test-method is-config="true" signature="launchApplication()[pri:0, instance:ShoppingOnline.Tests.ValidateAddCartTest@10289886]" started-at="2025-06-30T18:23:19 IST" name="launchApplication" finished-at="2025-06-30T18:23:23 IST" duration-ms="4070" status="PASS">
          <reporter-output>
          </reporter-output>
        </test-method> <!-- launchApplication -->
        <test-method signature="testClickAddToCart(java.util.HashMap)[pri:0, instance:ShoppingOnline.Tests.ValidateAddCartTest@10289886]" started-at="2025-06-30T18:23:23 IST" name="testClickAddToCart" data-provider="getData" finished-at="2025-06-30T18:23:33 IST" duration-ms="9811" status="PASS">
          <params>
            <param index="0">
              <value>
                <![CDATA[{password=Annu@123, RequiredCartItem=Cetaphil Baby Massage Oil, 200 ml, White, searchBy=baby oil, desiredProduct=Cetaphil Baby Massage Oil, 200 ml, White, categories=Baby, userName=Annu, email=annu.crpf@gmail.com}]]>
              </value>
            </param>
          </params>
          <reporter-output>
          </reporter-output>
        </test-method> <!-- testClickAddToCart -->
        <test-method is-config="true" signature="tearDown()[pri:0, instance:ShoppingOnline.Tests.ValidateAddCartTest@10289886]" started-at="2025-06-30T18:23:33 IST" name="tearDown" finished-at="2025-06-30T18:23:33 IST" duration-ms="340" status="PASS">
          <reporter-output>
          </reporter-output>
        </test-method> <!-- tearDown -->
      </class> <!-- ShoppingOnline.Tests.ValidateAddCartTest -->
      <class name="ShoppingOnline.Tests.ValidateSignOutTest">
        <test-method is-config="true" signature="launchApplication()[pri:0, instance:ShoppingOnline.Tests.ValidateSignOutTest@5c86dbc5]" started-at="2025-06-30T18:23:33 IST" name="launchApplication" finished-at="2025-06-30T18:23:37 IST" duration-ms="3415" status="PASS">
          <reporter-output>
          </reporter-output>
        </test-method> <!-- launchApplication -->
        <test-method signature="ValidateSignOut(java.util.HashMap)[pri:0, instance:ShoppingOnline.Tests.ValidateSignOutTest@5c86dbc5]" started-at="2025-06-30T18:23:37 IST" name="ValidateSignOut" data-provider="getData" finished-at="2025-06-30T18:23:46 IST" duration-ms="9669" status="PASS">
          <params>
            <param index="0">
              <value>
                <![CDATA[{password=Annu@123, RequiredCartItem=Cetaphil Baby Massage Oil, 200 ml, White, searchBy=baby oil, desiredProduct=Cetaphil Baby Massage Oil, 200 ml, White, categories=Baby, userName=Annu, email=annu.crpf@gmail.com}]]>
              </value>
            </param>
          </params>
          <reporter-output>
          </reporter-output>
        </test-method> <!-- ValidateSignOut -->
        <test-method is-config="true" signature="tearDown()[pri:0, instance:ShoppingOnline.Tests.ValidateSignOutTest@5c86dbc5]" started-at="2025-06-30T18:23:46 IST" name="tearDown" finished-at="2025-06-30T18:23:47 IST" duration-ms="314" status="PASS">
          <reporter-output>
          </reporter-output>
        </test-method> <!-- tearDown -->
      </class> <!-- ShoppingOnline.Tests.ValidateSignOutTest -->
      <class name="ShoppingOnline.Tests.ValidateLoginTest">
        <test-method is-config="true" signature="launchApplication()[pri:0, instance:ShoppingOnline.Tests.ValidateLoginTest@1c9b0314]" started-at="2025-06-30T18:21:57 IST" name="launchApplication" finished-at="2025-06-30T18:23:00 IST" duration-ms="62513" status="PASS">
          <reporter-output>
          </reporter-output>
        </test-method> <!-- launchApplication -->
        <test-method signature="validLogin(java.util.HashMap)[pri:0, instance:ShoppingOnline.Tests.ValidateLoginTest@1c9b0314]" started-at="2025-06-30T18:23:00 IST" name="validLogin" data-provider="getData" finished-at="2025-06-30T18:23:10 IST" duration-ms="10172" status="PASS">
          <params>
            <param index="0">
              <value>
                <![CDATA[{password=Annu@123, RequiredCartItem=Cetaphil Baby Massage Oil, 200 ml, White, searchBy=baby oil, desiredProduct=Cetaphil Baby Massage Oil, 200 ml, White, categories=Baby, userName=Annu, email=annu.crpf@gmail.com}]]>
              </value>
            </param>
          </params>
          <reporter-output>
          </reporter-output>
        </test-method> <!-- validLogin -->
        <test-method is-config="true" signature="tearDown()[pri:0, instance:ShoppingOnline.Tests.ValidateLoginTest@1c9b0314]" started-at="2025-06-30T18:23:10 IST" name="tearDown" finished-at="2025-06-30T18:23:10 IST" duration-ms="321" status="PASS">
          <reporter-output>
          </reporter-output>
        </test-method> <!-- tearDown -->
      </class> <!-- ShoppingOnline.Tests.ValidateLoginTest -->
      <class name="ShoppingOnline.Tests.ValidateSearchResultTest">
        <test-method is-config="true" signature="launchApplication()[pri:0, instance:ShoppingOnline.Tests.ValidateSearchResultTest@24959ca4]" started-at="2025-06-30T18:23:10 IST" name="launchApplication" finished-at="2025-06-30T18:23:14 IST" duration-ms="3784" status="PASS">
          <reporter-output>
          </reporter-output>
        </test-method> <!-- launchApplication -->
        <test-method signature="ValidateSearchResult(java.util.HashMap)[pri:0, instance:ShoppingOnline.Tests.ValidateSearchResultTest@24959ca4]" started-at="2025-06-30T18:23:14 IST" name="ValidateSearchResult" data-provider="getData" finished-at="2025-06-30T18:23:19 IST" duration-ms="4520" status="PASS">
          <params>
            <param index="0">
              <value>
                <![CDATA[{password=Annu@123, RequiredCartItem=Cetaphil Baby Massage Oil, 200 ml, White, searchBy=baby oil, desiredProduct=Cetaphil Baby Massage Oil, 200 ml, White, categories=Baby, userName=Annu, email=annu.crpf@gmail.com}]]>
              </value>
            </param>
          </params>
          <reporter-output>
          </reporter-output>
        </test-method> <!-- ValidateSearchResult -->
        <test-method is-config="true" signature="tearDown()[pri:0, instance:ShoppingOnline.Tests.ValidateSearchResultTest@24959ca4]" started-at="2025-06-30T18:23:19 IST" name="tearDown" finished-at="2025-06-30T18:23:19 IST" duration-ms="366" status="PASS">
          <reporter-output>
          </reporter-output>
        </test-method> <!-- tearDown -->
      </class> <!-- ShoppingOnline.Tests.ValidateSearchResultTest -->
    </test> <!-- All Cases Test -->
  </suite> <!-- Suite -->
</testng-results>
